#
# A fatal error has been detected by the Java Runtime Environment:
#
#  EXCEPTION_ACCESS_VIOLATION (0xc0000005) at pc=0x504f0bd5, pid=5500, tid=3928
#
# JRE version: Java(TM) SE Runtime Environment (8.0_71-b15) (build 1.8.0_71-b15)
# Java VM: Java HotSpot(TM) Client VM (25.71-b15 mixed mode windows-x86 )
# Problematic frame:
# C  [ig75icd32.dll+0x70bd5]
#
# Failed to write core dump. Minidumps are not enabled by default on client versions of Windows
#
# If you would like to submit a bug report, please visit:
#   http://bugreport.java.com/bugreport/crash.jsp
# The crash happened outside the Java Virtual Machine in native code.
# See problematic frame for where to report the bug.
#

---------------  T H R E A D  ---------------

Current thread (0x14156c00):  JavaThread "GAME_LOOP_THREAD" [_thread_in_native, id=3928, stack(0x146e0000,0x14730000)]

siginfo: ExceptionCode=0xc0000005, reading address 0x00000000

Registers:
EAX=0x00000004, EBX=0x1472e378, ECX=0x00000000, EDX=0x00000000
ESP=0x1472da5c, EBP=0x1472da64, ESI=0x00000040, EDI=0x1732a000
EIP=0x504f0bd5, EFLAGS=0x00010202

Top of Stack: (sp=0x1472da5c)
0x1472da5c:   1472dc88 14e13f40 1472e370 505b4557
0x1472da6c:   00000040 14e13f40 14e770a0 00000000
0x1472da7c:   00000000 1472dc90 00000000 00000000
0x1472da8c:   00000000 00000000 00000000 00000000
0x1472da9c:   00000001 00000000 00000000 00000000
0x1472daac:   00000000 00000001 00000001 00000001
0x1472dabc:   00000001 00000001 00000000 00000000
0x1472dacc:   00000000 00000000 ffffffff 00000000 

Instructions: (pc=0x504f0bd5)
0x504f0bb5:   0f e7 4f 60 66 0f e7 47 70 83 ea 80 83 ef 80 48
0x504f0bc5:   75 a9 83 e6 7f 74 1a 8b c6 c1 e8 04 85 c0 74 11
0x504f0bd5:   66 0f 6f 02 66 0f e7 07 83 c2 10 83 c7 10 48 75
0x504f0be5:   ef 83 e6 0f 74 30 8b ce c1 e9 02 85 c9 74 0d 8b 


Register to memory mapping:

EAX=0x00000004 is an unknown value
EBX=0x1472e378 is pointing into the stack for thread: 0x14156c00
ECX=0x00000000 is an unknown value
EDX=0x00000000 is an unknown value
ESP=0x1472da5c is pointing into the stack for thread: 0x14156c00
EBP=0x1472da64 is pointing into the stack for thread: 0x14156c00
ESI=0x00000040 is an unknown value
EDI=0x1732a000 is an unknown value


Stack: [0x146e0000,0x14730000],  sp=0x1472da5c,  free space=310k
Native frames: (J=compiled Java code, j=interpreted, Vv=VM code, C=native code)
C  [ig75icd32.dll+0x70bd5]
C  [ig75icd32.dll+0x134557]
C  [ig75icd32.dll+0x1e42c2]
C  [ig75icd32.dll+0x4fc35]
C  [ig75icd32.dll+0x212c17]
C  [ig75icd32.dll+0x70116]
C  [ig75icd32.dll+0x124963]
C  [ig75icd32.dll+0x126388]
C  [ig75icd32.dll+0x126566]
C  [lwjgl_opengl32.dll+0xe86d]
j  com.kasania.graphics.Renderer.render(Lcom/kasania/graphics/Window;)V+51
j  com.kasania.core.DummyLogic.render(Lcom/kasania/graphics/Window;)V+22
j  com.kasania.core.GameManager.render()V+8
j  com.kasania.core.GameManager.loop()V+46
j  com.kasania.core.GameManager.run()V+5
j  java.lang.Thread.run()V+11
v  ~StubRoutines::call_stub
V  [jvm.dll+0x158bf5]
V  [jvm.dll+0x21e0be]
V  [jvm.dll+0x158c8e]
V  [jvm.dll+0x158e16]
V  [jvm.dll+0x158e87]
V  [jvm.dll+0xfd68f]
V  [jvm.dll+0x17c03c]
V  [jvm.dll+0x17c12a]
V  [jvm.dll+0x1c0636]
C  [msvcr100.dll+0x5c556]
C  [msvcr100.dll+0x5c600]
C  [kernel32.dll+0x4ee6c]
C  [ntdll.dll+0x63ab3]
C  [ntdll.dll+0x63a86]
C  0x00000000

Java frames: (J=compiled Java code, j=interpreted, Vv=VM code)
j  org.lwjgl.opengl.GL11.glDrawArrays(III)V+0
j  com.kasania.graphics.Renderer.render(Lcom/kasania/graphics/Window;)V+51
j  com.kasania.core.DummyLogic.render(Lcom/kasania/graphics/Window;)V+22
j  com.kasania.core.GameManager.render()V+8
j  com.kasania.core.GameManager.loop()V+46
j  com.kasania.core.GameManager.run()V+5
j  java.lang.Thread.run()V+11
v  ~StubRoutines::call_stub

---------------  P R O C E S S  ---------------

Java Threads: ( => current thread )
  0x01a7c400 JavaThread "DestroyJavaVM" [_thread_blocked, id=160, stack(0x019d0000,0x01a20000)]
=>0x14156c00 JavaThread "GAME_LOOP_THREAD" [_thread_in_native, id=3928, stack(0x146e0000,0x14730000)]
  0x140fcc00 JavaThread "Service Thread" daemon [_thread_blocked, id=1196, stack(0x145f0000,0x14640000)]
  0x140cdc00 JavaThread "C1 CompilerThread0" daemon [_thread_blocked, id=5828, stack(0x14430000,0x14480000)]
  0x140cd000 JavaThread "Attach Listener" daemon [_thread_blocked, id=5288, stack(0x01a20000,0x01a70000)]
  0x140ca000 JavaThread "Signal Dispatcher" daemon [_thread_blocked, id=5240, stack(0x14570000,0x145c0000)]
  0x14084000 JavaThread "Finalizer" daemon [_thread_blocked, id=5548, stack(0x00380000,0x003d0000)]
  0x1407f000 JavaThread "Reference Handler" daemon [_thread_blocked, id=4112, stack(0x144b0000,0x14500000)]

Other Threads:
  0x14079400 VMThread [stack: 0x14350000,0x143a0000] [id=4232]
  0x1414ec00 WatcherThread [stack: 0x143d0000,0x14420000] [id=5936]

VM state:not at safepoint (normal execution)

VM Mutex/Monitor currently owned by a thread: None

Heap:
 def new generation   total 4928K, used 2238K [0x03c00000, 0x04150000, 0x09150000)
  eden space 4416K,  39% used [0x03c00000, 0x03dafa88, 0x04050000)
  from space 512K,  99% used [0x04050000, 0x040cfff8, 0x040d0000)
  to   space 512K,   0% used [0x040d0000, 0x040d0000, 0x04150000)
 tenured generation   total 10944K, used 1735K [0x09150000, 0x09c00000, 0x13c00000)
   the space 10944K,  15% used [0x09150000, 0x09301c20, 0x09301e00, 0x09c00000)
 Metaspace       used 4976K, capacity 5232K, committed 5248K, reserved 5504K

Card table byte_map: [0x018c0000,0x01950000] byte_map_base: 0x018a2000

Polling page: 0x00120000

CodeCache: size=32768Kb used=1111Kb max_used=1111Kb free=31656Kb
 bounds [0x01b80000, 0x01c98000, 0x03b80000]
 total_blobs=767 nmethods=285 adapters=413
 compilation: enabled

Compilation events (10 events):
Event: 0.461 Thread 0x140cdc00  280             sun.reflect.UnsafeFieldAccessorImpl::ensureObj (23 bytes)
Event: 0.461 Thread 0x140cdc00 nmethod 280 0x01c94c88 code [0x01c94dc0, 0x01c94f70]
Event: 0.461 Thread 0x140cdc00  282             org.lwjgl.PointerBuffer::put (20 bytes)
Event: 0.461 Thread 0x140cdc00 nmethod 282 0x01c95188 code [0x01c952a0, 0x01c95418]
Event: 0.461 Thread 0x140cdc00  283             org.lwjgl.system.CustomBuffer::checkIndex (23 bytes)
Event: 0.461 Thread 0x140cdc00 nmethod 283 0x01c95588 code [0x01c95690, 0x01c9579c]
Event: 0.461 Thread 0x140cdc00  284             org.lwjgl.system.MemoryUtil::memPutAddress (11 bytes)
Event: 0.461 Thread 0x140cdc00 nmethod 284 0x01c95848 code [0x01c95940, 0x01c959dc]
Event: 0.461 Thread 0x140cdc00  285             org.lwjgl.system.MemoryAccess$MemoryAccessorUnsafe::memPutAddress (9 bytes)
Event: 0.461 Thread 0x140cdc00 nmethod 285 0x01c95a48 code [0x01c95b50, 0x01c95bfc]

GC Heap History (4 events):
Event: 0.179 GC heap before
{Heap before GC invocations=0 (full 0):
 def new generation   total 4928K, used 4416K [0x03c00000, 0x04150000, 0x09150000)
  eden space 4416K, 100% used [0x03c00000, 0x04050000, 0x04050000)
  from space 512K,   0% used [0x04050000, 0x04050000, 0x040d0000)
  to   space 512K,   0% used [0x040d0000, 0x040d0000, 0x04150000)
 tenured generation   total 10944K, used 0K [0x09150000, 0x09c00000, 0x13c00000)
   the space 10944K,   0% used [0x09150000, 0x09150000, 0x09150200, 0x09c00000)
 Metaspace       used 3217K, capacity 3460K, committed 3520K, reserved 4480K
Event: 0.181 GC heap after
Heap after GC invocations=1 (full 0):
 def new generation   total 4928K, used 512K [0x03c00000, 0x04150000, 0x09150000)
  eden space 4416K,   0% used [0x03c00000, 0x03c00000, 0x04050000)
  from space 512K, 100% used [0x040d0000, 0x04150000, 0x04150000)
  to   space 512K,   0% used [0x04050000, 0x04050000, 0x040d0000)
 tenured generation   total 10944K, used 642K [0x09150000, 0x09c00000, 0x13c00000)
   the space 10944K,   5% used [0x09150000, 0x091f0bf0, 0x091f0c00, 0x09c00000)
 Metaspace       used 3217K, capacity 3460K, committed 3520K, reserved 4480K
}
Event: 0.417 GC heap before
{Heap before GC invocations=1 (full 0):
 def new generation   total 4928K, used 4928K [0x03c00000, 0x04150000, 0x09150000)
  eden space 4416K, 100% used [0x03c00000, 0x04050000, 0x04050000)
  from space 512K, 100% used [0x040d0000, 0x04150000, 0x04150000)
  to   space 512K,   0% used [0x04050000, 0x04050000, 0x040d0000)
 tenured generation   total 10944K, used 642K [0x09150000, 0x09c00000, 0x13c00000)
   the space 10944K,   5% used [0x09150000, 0x091f0bf0, 0x091f0c00, 0x09c00000)
 Metaspace       used 4444K, capacity 4666K, committed 4736K, reserved 5504K
Event: 0.422 GC heap after
Heap after GC invocations=2 (full 0):
 def new generation   total 4928K, used 511K [0x03c00000, 0x04150000, 0x09150000)
  eden space 4416K,   0% used [0x03c00000, 0x03c00000, 0x04050000)
  from space 512K,  99% used [0x04050000, 0x040cfff8, 0x040d0000)
  to   space 512K,   0% used [0x040d0000, 0x040d0000, 0x04150000)
 tenured generation   total 10944K, used 1735K [0x09150000, 0x09c00000, 0x13c00000)
   the space 10944K,  15% used [0x09150000, 0x09301c20, 0x09301e00, 0x09c00000)
 Metaspace       used 4444K, capacity 4666K, committed 4736K, reserved 5504K
}

Deoptimization events (0 events):
No events

Internal exceptions (10 events):
Event: 0.026 Thread 0x01a7c400 Exception <a 'java/lang/NoSuchMethodError': Method sun.misc.Unsafe.prefetchRead(Ljava/lang/Object;J)V name or signature does not match> (0x03c10ce0) thrown at [C:\re\workspace\8-2-build-windows-i586-cygwin\jdk8u71\5731\hotspot\src\share\vm\prims\jni.cpp, lÜèÈª?
Event: 0.109 Thread 0x14156c00 Exception <a 'java/lang/NoSuchMethodError': java.lang.Object.lambda$static$0(Ljava/lang/String;)Ljava/lang/Boolean;> (0x03e1d628) thrown at [C:\re\workspace\8-2-build-windows-i586-cygwin\jdk8u71\5731\hotspot\src\share\vm\interpreter\linkResolver.cpp, line z¿’£æ?
Event: 0.117 Thread 0x14156c00 Exception <a 'java/lang/NoSuchFieldError': method resolution failed> (0x03e8b280) thrown at [C:\re\workspace\8-2-build-windows-i586-cygwin\jdk8u71\5731\hotspot\src\share\vm\prims\methodHandles.cpp, line 1146]
Event: 0.118 Thread 0x14156c00 Exception <a 'java/lang/NoSuchFieldError': method resolution failed> (0x03e97440) thrown at [C:\re\workspace\8-2-build-windows-i586-cygwin\jdk8u71\5731\hotspot\src\share\vm\prims\methodHandles.cpp, line 1146]
Event: 0.153 Thread 0x14156c00 Exception <a 'java/security/PrivilegedActionException'> (0x03ff8be8) thrown at [C:\re\workspace\8-2-build-windows-i586-cygwin\jdk8u71\5731\hotspot\src\share\vm\prims\jvm.cpp, line 1386]
Event: 0.153 Thread 0x14156c00 Exception <a 'java/security/PrivilegedActionException'> (0x03ff8de8) thrown at [C:\re\workspace\8-2-build-windows-i586-cygwin\jdk8u71\5731\hotspot\src\share\vm\prims\jvm.cpp, line 1386]
Event: 0.153 Thread 0x14156c00 Exception <a 'java/security/PrivilegedActionException'> (0x03ffc788) thrown at [C:\re\workspace\8-2-build-windows-i586-cygwin\jdk8u71\5731\hotspot\src\share\vm\prims\jvm.cpp, line 1386]
Event: 0.153 Thread 0x14156c00 Exception <a 'java/security/PrivilegedActionException'> (0x03ffc988) thrown at [C:\re\workspace\8-2-build-windows-i586-cygwin\jdk8u71\5731\hotspot\src\share\vm\prims\jvm.cpp, line 1386]
Event: 0.328 Thread 0x14156c00 Exception <a 'sun/nio/fs/WindowsException'> (0x03d783c8) thrown at [C:\re\workspace\8-2-build-windows-i586-cygwin\jdk8u71\5731\hotspot\src\share\vm\prims\jni.cpp, line 709]
Event: 0.328 Thread 0x14156c00 Exception <a 'sun/nio/fs/WindowsException'> (0x03d78b98) thrown at [C:\re\workspace\8-2-build-windows-i586-cygwin\jdk8u71\5731\hotspot\src\share\vm\prims\jni.cpp, line 709]

Events (10 events):
Event: 0.464 loading class java/text/DigitList
Event: 0.464 loading class java/text/DigitList done
Event: 0.464 loading class java/math/RoundingMode
Event: 0.464 loading class java/math/RoundingMode done
Event: 0.465 loading class org/lwjgl/system/APIUtil$Encoder
Event: 0.465 loading class org/lwjgl/system/APIUtil$Encoder done
Event: 0.465 loading class org/lwjgl/system/APIUtil$Encoder
Event: 0.465 loading class org/lwjgl/system/APIUtil$Encoder done
Event: 0.466 loading class org/lwjgl/system/libc/LibCStdlib
Event: 0.466 loading class org/lwjgl/system/libc/LibCStdlib done


Dynamic libraries:
0x00140000 - 0x00173000 	C:\Program Files\Java\jre1.8.0_71\bin\javaw.exe
0x77480000 - 0x775c1000 	C:\Windows\SYSTEM32\ntdll.dll
0x76f30000 - 0x77004000 	C:\Windows\system32\kernel32.dll
0x756c0000 - 0x7570b000 	C:\Windows\system32\KERNELBASE.dll
0x76e80000 - 0x76f21000 	C:\Windows\system32\ADVAPI32.dll
0x76aa0000 - 0x76b4c000 	C:\Windows\system32\msvcrt.dll
0x775d0000 - 0x775e9000 	C:\Windows\SYSTEM32\sechost.dll
0x770e0000 - 0x77182000 	C:\Windows\system32\RPCRT4.dll
0x77010000 - 0x770d9000 	C:\Windows\system32\USER32.dll
0x77620000 - 0x7766e000 	C:\Windows\system32\GDI32.dll
0x77600000 - 0x7760a000 	C:\Windows\system32\LPK.dll
0x76d50000 - 0x76ded000 	C:\Windows\system32\USP10.dll
0x74070000 - 0x7420e000 	C:\Windows\WinSxS\x86_microsoft.windows.common-controls_6595b64144ccf1df_6.0.7601.18837_none_41e855142bd5705d\COMCTL32.dll
0x75d00000 - 0x75d57000 	C:\Windows\system32\SHLWAPI.dll
0x77670000 - 0x7768f000 	C:\Windows\system32\IMM32.DLL
0x75920000 - 0x759ec000 	C:\Windows\system32\MSCTF.dll
0x6adf0000 - 0x6aeaf000 	C:\Program Files\Java\jre1.8.0_71\bin\msvcr100.dll
0x50080000 - 0x50448000 	C:\Program Files\Java\jre1.8.0_71\bin\client\jvm.dll
0x67ff0000 - 0x67ff7000 	C:\Windows\system32\WSOCK32.dll
0x75780000 - 0x757b5000 	C:\Windows\system32\WS2_32.dll
0x775f0000 - 0x775f6000 	C:\Windows\system32\NSI.dll
0x6e270000 - 0x6e2a2000 	C:\Windows\system32\WINMM.dll
0x74900000 - 0x74909000 	C:\Windows\system32\VERSION.dll
0x77610000 - 0x77615000 	C:\Windows\system32\PSAPI.DLL
0x72b50000 - 0x72b5c000 	C:\Program Files\Java\jre1.8.0_71\bin\verify.dll
0x6a410000 - 0x6a431000 	C:\Program Files\Java\jre1.8.0_71\bin\java.dll
0x72360000 - 0x72373000 	C:\Program Files\Java\jre1.8.0_71\bin\zip.dll
0x75d60000 - 0x769ab000 	C:\Windows\system32\SHELL32.dll
0x757c0000 - 0x7591c000 	C:\Windows\system32\ole32.dll
0x75460000 - 0x7546b000 	C:\Windows\system32\profapi.dll
0x6a7e0000 - 0x6a7f6000 	C:\Program Files\Java\jre1.8.0_71\bin\net.dll
0x74e50000 - 0x74e8c000 	C:\Windows\system32\mswsock.dll
0x74e40000 - 0x74e46000 	C:\Windows\System32\wship6.dll
0x6cc20000 - 0x6cc2f000 	C:\Program Files\Java\jre1.8.0_71\bin\nio.dll
0x723e0000 - 0x72431000 	C:\Users\Administrator\AppData\Local\Temp\lwjglAdministrator\3.1.6-build-9\lwjgl32.dll
0x731b0000 - 0x731b3000 	C:\Windows\system32\api-ms-win-core-synch-l1-2-0.DLL
0x6ada0000 - 0x6adeb000 	C:\Users\ADMINI~1\AppData\Local\Temp\lwjglAdministrator\3.1.6-build-9\glfw32.dll
0x73fc0000 - 0x74000000 	C:\Windows\system32\uxtheme.dll
0x72d30000 - 0x72d60000 	C:\Windows\system32\dinput8.dll
0x744e0000 - 0x744e9000 	C:\Windows\system32\xinput9_1_0.dll
0x772e0000 - 0x7747d000 	C:\Windows\system32\SETUPAPI.dll
0x75740000 - 0x75767000 	C:\Windows\system32\CFGMGR32.dll
0x769b0000 - 0x76a3f000 	C:\Windows\system32\OLEAUT32.dll
0x75540000 - 0x75552000 	C:\Windows\system32\DEVOBJ.dll
0x739e0000 - 0x739f3000 	C:\Windows\system32\dwmapi.dll
0x73b30000 - 0x73b39000 	C:\Windows\system32\HID.DLL
0x75710000 - 0x7573f000 	C:\Windows\system32\WINTRUST.dll
0x75560000 - 0x75681000 	C:\Windows\system32\CRYPT32.dll
0x75450000 - 0x7545c000 	C:\Windows\system32\MSASN1.dll
0x6b700000 - 0x6b7c8000 	C:\Windows\system32\opengl32.dll
0x6b8a0000 - 0x6b8c2000 	C:\Windows\system32\GLU32.dll
0x6b610000 - 0x6b6f7000 	C:\Windows\system32\DDRAW.dll
0x6c4a0000 - 0x6c4a6000 	C:\Windows\system32\DCIMAN32.dll
0x50480000 - 0x50a90000 	C:\Windows\system32\ig75icd32.dll
0x6f6c0000 - 0x6fa2b000 	C:\Windows\system32\igdusc32.dll
0x75370000 - 0x7537c000 	C:\Windows\system32\CRYPTBASE.dll
0x76df0000 - 0x76e73000 	C:\Windows\system32\CLBCatQ.DLL
0x6e4c0000 - 0x6e54c000 	C:\Windows\system32\ime\imekr8\imkrtip.dll
0x6e460000 - 0x6e4be000 	C:\Windows\system32\ime\shared\imetip.dll
0x6e440000 - 0x6e460000 	C:\Windows\system32\ime\imekr8\imkrapi.dll
0x6e410000 - 0x6e433000 	C:\Windows\system32\ime\shared\imjkapi.dll
0x6a310000 - 0x6a36b000 	C:\Users\Administrator\AppData\Local\Temp\lwjglAdministrator\3.1.6-build-9\lwjgl_opengl32.dll
0x6e930000 - 0x6ea1b000 	C:\Windows\system32\dbghelp.dll

VM Arguments:
jvm_args: -Dfile.encoding=MS949 
java_command: com.kasania.main.Entry
java_class_path (initial): C:\Users\Administrator\Desktop\JavaGameProject\RPGProject\bin;C:\Users\Administrator\Desktop\JavaGameProject\RPGProject\LWJGLlib\lwjgl.jar;C:\Users\Administrator\Desktop\JavaGameProject\RPGProject\LWJGLlib\lwjgl-opengl.jar;C:\Users\Administrator\Desktop\JavaGameProject\RPGProject\LWJGLlib\lwjgl-natives-windows.jar;C:\Users\Administrator\Desktop\JavaGameProject\RPGProject\LWJGLlib\lwjgl-jemalloc.jar;C:\Users\Administrator\Desktop\JavaGameProject\RPGProject\LWJGLlib\lwjgl-jemalloc-natives-windows.jar;C:\Users\Administrator\Desktop\JavaGameProject\RPGProject\LWJGLlib\lwjgl-openal.jar;C:\Users\Administrator\Desktop\JavaGameProject\RPGProject\LWJGLlib\lwjgl-openal-natives-windows.jar;C:\Users\Administrator\Desktop\JavaGameProject\RPGProject\LWJGLlib\lwjgl-assimp.jar;C:\Users\Administrator\Desktop\JavaGameProject\RPGProject\LWJGLlib\lwjgl-assimp-natives-windows.jar;C:\Users\Administrator\Desktop\JavaGameProject\RPGProject\LWJGLlib\lwjgl-opencl.jar;C:\Users\Administrator\Desktop\JavaGameProject\RPGProject\LWJGLlib\lwjgl-opengl-natives-windows.jar;C:\Users\Administrator\Desktop\JavaGameProject\RPGProject\LWJGLlib\lwjgl-lz4.jar;C:\Users\Administrator\Desktop\JavaGameProject\RPGProject\LWJGLlib\lwjgl-lz4-natives-windows.jar;C:\Users\Administrator\Desktop\JavaGameProject\RPGProject\LWJGLlib\lwjgl-glfw.jar;C:\Users\Administrator\Desktop\JavaGameProject\RPGProject\LWJGLlib\lwjgl-glfw-natives-windows.jar
Launcher Type: SUN_STANDARD

Environment Variables:
PATH=C:/Program Files/Java/jre1.8.0_71/bin/client;C:/Program Files/Java/jre1.8.0_71/bin;C:/Program Files/Java/jre1.8.0_71/lib/i386;C:\ProgramData\Oracle\Java\javapath;C:\Program Files\Intel\iCLS Client\;C:\Windows\system32;C:\Windows;C:\Windows\System32\Wbem;C:\Windows\System32\WindowsPowerShell\v1.0\;C:\Program Files\Intel\Intel(R) Management Engine Components\DAL;C:\Program Files\Intel\Intel(R) Management Engine Components\IPT;C:\Program Files\Bandizip\;C:\Users\Administrator\Desktop\eclipse;
USERNAME=Administrator
OS=Windows_NT
PROCESSOR_IDENTIFIER=x86 Family 6 Model 60 Stepping 3, GenuineIntel



---------------  S Y S T E M  ---------------

OS: Windows 7 Build 7601 (6.1.7601.18847)

CPU:total 4 (4 cores per cpu, 1 threads per core) family 6 model 60 stepping 3, cmov, cx8, fxsr, mmx, sse, sse2, sse3, ssse3, sse4.1, sse4.2, popcnt, avx, avx2, aes, clmul, erms, rtm, lzcnt, tsc, tscinvbit, bmi1, bmi2

Memory: 4k page, physical 3538372k(1048360k free), swap 7075020k(3993616k free)

vm_info: Java HotSpot(TM) Client VM (25.71-b15) for windows-x86 JRE (1.8.0_71-b15), built on Dec 22 2015 17:22:59 by "java_re" with MS VC++ 10.0 (VS2010)

time: Wed Jan 31 23:20:02 2018
elapsed time: 0 seconds (0d 0h 0m 0s)

